16:49:23: Creating resource group General
16:49:23: Creating resource group Internal
16:49:23: Creating resource group Autodetect
16:49:23: SceneManagerFactory for type 'DefaultSceneManager' registered.
16:49:23: Registering ResourceManager for type Material
16:49:23: Registering ResourceManager for type Mesh
16:49:23: Registering ResourceManager for type Skeleton
16:49:23: MovableObjectFactory for type 'ParticleSystem' registered.
16:49:23: ArchiveFactory for archive type FileSystem registered.
16:49:23: ArchiveFactory for archive type Zip registered.
16:49:23: ArchiveFactory for archive type EmbeddedZip registered.
16:49:23: DDS codec registering
16:49:23: FreeImage version: 3.17.0
16:49:23: This program uses FreeImage, a free, open source image library supporting all common bitmap formats. See http://freeimage.sourceforge.net for details
16:49:23: Supported formats: bmp,ico,jpg,jif,jpeg,jpe,jng,koa,iff,lbm,mng,pbm,pbm,pcd,pcx,pgm,pgm,png,ppm,ppm,ras,tga,targa,tif,tiff,wap,wbmp,wbm,psd,cut,xbm,xpm,gif,hdr,sgi,rgb,rgba,bw,exr,j2k,j2c,jp2,pfm,pct,pict,pic,3fr,arw,bay,bmq,cap,cine,cr2,crw,cs1,dc2,dcr,drf,dsc,dng,erf,fff,ia,iiq,k25,kc2,kdc,mdc,mef,mos,mrw,nef,nrw,orf,pef,ptx,pxn,qtk,raf,raw,rdc,rw2,rwl,rwz,sr2,srf,srw,sti,x3f,webp,jxr,wdp,hdp
16:49:23: PVRTC codec registering
16:49:23: ETC codec registering
16:49:23: Registering ResourceManager for type HighLevelGpuProgram
16:49:23: Registering ResourceManager for type Compositor
16:49:23: MovableObjectFactory for type 'Entity' registered.
16:49:23: MovableObjectFactory for type 'Light' registered.
16:49:23: MovableObjectFactory for type 'BillboardSet' registered.
16:49:23: MovableObjectFactory for type 'ManualObject' registered.
16:49:23: MovableObjectFactory for type 'BillboardChain' registered.
16:49:23: MovableObjectFactory for type 'RibbonTrail' registered.
16:49:23: *-*-* OGRE Initialising
16:49:23: *-*-* Version 1.9.0 (Ghadamon)
16:49:23: OverlayElementFactory for type Panel registered.
16:49:23: OverlayElementFactory for type BorderPanel registered.
16:49:23: OverlayElementFactory for type TextArea registered.
16:49:23: Registering ResourceManager for type Font
16:49:23: Loading library /usr/lib/x86_64-linux-gnu/OGRE-1.9.0/RenderSystem_GL.so
16:49:23: Installing plugin: GL RenderSystem
16:49:23: OpenGL Rendering Subsystem created.
16:49:23: Plugin successfully installed
16:49:23: Loading library /usr/lib/x86_64-linux-gnu/OGRE-1.9.0/Plugin_ParticleFX.so
16:49:23: Installing plugin: ParticleFX
16:49:23: Particle Emitter Type 'Point' registered
16:49:23: Particle Emitter Type 'Box' registered
16:49:23: Particle Emitter Type 'Ellipsoid' registered
16:49:23: Particle Emitter Type 'Cylinder' registered
16:49:23: Particle Emitter Type 'Ring' registered
16:49:23: Particle Emitter Type 'HollowEllipsoid' registered
16:49:23: Particle Affector Type 'LinearForce' registered
16:49:23: Particle Affector Type 'ColourFader' registered
16:49:23: Particle Affector Type 'ColourFader2' registered
16:49:23: Particle Affector Type 'ColourImage' registered
16:49:23: Particle Affector Type 'ColourInterpolator' registered
16:49:23: Particle Affector Type 'Scaler' registered
16:49:23: Particle Affector Type 'Rotator' registered
16:49:23: Particle Affector Type 'DirectionRandomiser' registered
16:49:23: Particle Affector Type 'DeflectorPlane' registered
16:49:23: Plugin successfully installed
16:49:23: Loading library /usr/lib/x86_64-linux-gnu/OGRE-1.9.0/Plugin_BSPSceneManager.so
16:49:23: Installing plugin: BSP Scene Manager
16:49:23: Plugin successfully installed
16:49:23: Loading library /usr/lib/x86_64-linux-gnu/OGRE-1.9.0/Plugin_OctreeSceneManager.so
16:49:23: Installing plugin: Octree Scene Manager
16:49:23: Plugin successfully installed
16:49:23: CPU Identifier & Features
16:49:23: -------------------------
16:49:23:  *   CPU ID: GenuineIntel: Intel(R) Core(TM) i7-6700 CPU @ 3.40GHz
16:49:23:  *      SSE: yes
16:49:23:  *     SSE2: yes
16:49:23:  *     SSE3: yes
16:49:23:  *      MMX: yes
16:49:23:  *   MMXEXT: yes
16:49:23:  *    3DNOW: no
16:49:23:  * 3DNOWEXT: no
16:49:23:  *     CMOV: yes
16:49:23:  *      TSC: yes
16:49:23:  *      FPU: yes
16:49:23:  *      PRO: yes
16:49:23:  *       HT: no
16:49:23: -------------------------
16:49:23: ******************************
*** Starting GLX Subsystem ***
******************************
16:49:23: Registering ResourceManager for type Texture
16:49:23: Added resource location '/usr/share/gazebo-7/' of type 'FileSystem' to resource group 'General'
16:49:23: Added resource location '/usr/share/gazebo-7/media' of type 'FileSystem' to resource group 'General'
16:49:23: Creating resource group SkyX
16:49:23: Added resource location '/usr/share/gazebo-7/media/skyx' of type 'FileSystem' to resource group 'SkyX'
16:49:23: Added resource location '/usr/share/gazebo-7/media/rtshaderlib150' of type 'FileSystem' to resource group 'General'
16:49:23: Added resource location '/usr/share/gazebo-7/media/rtshaderlib' of type 'FileSystem' to resource group 'General'
16:49:23: Added resource location '/usr/share/gazebo-7/media/materials/programs' of type 'FileSystem' to resource group 'General'
16:49:23: Added resource location '/usr/share/gazebo-7/media/materials/scripts' of type 'FileSystem' to resource group 'General'
16:49:23: Added resource location '/usr/share/gazebo-7/media/materials/textures' of type 'FileSystem' to resource group 'General'
16:49:23: Added resource location '/usr/share/gazebo-7/media/media/models' of type 'FileSystem' to resource group 'General'
16:49:23: Creating resource group Fonts
16:49:23: Added resource location '/usr/share/gazebo-7/media/fonts' of type 'FileSystem' to resource group 'Fonts'
16:49:23: Creating resource group LookNFeel
16:49:23: Added resource location '/usr/share/gazebo-7/media/gui/looknfeel' of type 'FileSystem' to resource group 'LookNFeel'
16:49:23: Creating resource group Schemes
16:49:23: Added resource location '/usr/share/gazebo-7/media/gui/schemes' of type 'FileSystem' to resource group 'Schemes'
16:49:23: Creating resource group Imagesets
16:49:23: Added resource location '/usr/share/gazebo-7/media/gui/imagesets' of type 'FileSystem' to resource group 'Imagesets'
16:49:23: Added resource location '/usr/share/gazebo-7/media/gui/fonts' of type 'FileSystem' to resource group 'Fonts'
16:49:23: Creating resource group Layouts
16:49:23: Added resource location '/usr/share/gazebo-7/media/gui/layouts' of type 'FileSystem' to resource group 'Layouts'
16:49:23: Creating resource group Animations
16:49:23: Added resource location '/usr/share/gazebo-7/media/gui/animations' of type 'FileSystem' to resource group 'Animations'
16:49:23: GLRenderSystem::_createRenderWindow "OgreWindow(0)", 1x1 windowed  miscParams: FSAA=4 border=none macAPI=cocoa macAPICocoaUseNSView=true parentWindowHandle=35651585 stereoMode=Frame Sequential 
16:49:23: GLXWindow::create used FBConfigID = 91
16:49:23: GL_VERSION = 3.0 Mesa 17.2.4
16:49:23: GL_VENDOR = VMware, Inc.
16:49:23: GL_RENDERER = llvmpipe (LLVM 5.0, 256 bits)
16:49:23: GL_EXTENSIONS = GL_ARB_multisample GL_EXT_abgr GL_EXT_bgra GL_EXT_blend_color GL_EXT_blend_minmax GL_EXT_blend_subtract GL_EXT_copy_texture GL_EXT_polygon_offset GL_EXT_subtexture GL_EXT_texture_object GL_EXT_vertex_array GL_EXT_compiled_vertex_array GL_EXT_texture GL_EXT_texture3D GL_IBM_rasterpos_clip GL_ARB_point_parameters GL_EXT_draw_range_elements GL_EXT_packed_pixels GL_EXT_point_parameters GL_EXT_rescale_normal GL_EXT_separate_specular_color GL_EXT_texture_edge_clamp GL_SGIS_generate_mipmap GL_SGIS_texture_border_clamp GL_SGIS_texture_edge_clamp GL_SGIS_texture_lod GL_ARB_framebuffer_sRGB GL_ARB_multitexture GL_EXT_framebuffer_sRGB GL_IBM_multimode_draw_arrays GL_IBM_texture_mirrored_repeat GL_ARB_texture_cube_map GL_ARB_texture_env_add GL_ARB_transpose_matrix GL_EXT_blend_func_separate GL_EXT_fog_coord GL_EXT_multi_draw_arrays GL_EXT_secondary_color GL_EXT_texture_env_add GL_EXT_texture_lod_bias GL_INGR_blend_func_separate GL_NV_blend_square GL_NV_light_max_exponent GL_NV_texgen_reflection GL_NV_texture_env_combine4 GL_S3_s3tc GL_SUN_multi_draw_arrays GL_ARB_texture_border_clamp GL_ARB_texture_compression GL_EXT_framebuffer_object GL_EXT_texture_compression_s3tc GL_EXT_texture_env_combine GL_EXT_texture_env_dot3 GL_MESA_window_pos GL_NV_packed_depth_stencil GL_NV_texture_rectangle GL_ARB_depth_texture GL_ARB_occlusion_query GL_ARB_shadow GL_ARB_texture_env_combine GL_ARB_texture_env_crossbar GL_ARB_texture_env_dot3 GL_ARB_texture_mirrored_repeat GL_ARB_window_pos GL_ATI_fragment_shader GL_EXT_stencil_two_side GL_EXT_texture_cube_map GL_NV_depth_clamp GL_NV_fog_distance GL_APPLE_packed_pixels GL_ARB_draw_buffers GL_ARB_fragment_program GL_ARB_fragment_shader GL_ARB_shader_objects GL_ARB_vertex_program GL_ARB_vertex_shader GL_ATI_draw_buffers GL_ATI_texture_env_combine3 GL_ATI_texture_float GL_EXT_shadow_funcs GL_EXT_stencil_wrap GL_MESA_pack_invert GL_MESA_ycbcr_texture GL_NV_primitive_restart GL_ARB_depth_clamp GL_ARB_fragment_program_shadow GL_ARB_half_float_pixel GL_ARB_occlusion_query2 GL_ARB_point_sprite GL_ARB_shading_language_100 GL_ARB_sync GL_ARB_texture_non_power_of_two GL_ARB_vertex_buffer_object GL_ATI_blend_equation_separate GL_EXT_blend_equation_separate GL_OES_read_format GL_ARB_color_buffer_float GL_ARB_pixel_buffer_object GL_ARB_texture_compression_rgtc GL_ARB_texture_float GL_ARB_texture_rectangle GL_ATI_texture_compression_3dc GL_EXT_packed_float GL_EXT_pixel_buffer_object GL_EXT_texture_compression_dxt1 GL_EXT_texture_compression_rgtc GL_EXT_texture_mirror_clamp GL_EXT_texture_rectangle GL_EXT_texture_sRGB GL_EXT_texture_shared_exponent GL_ARB_framebuffer_object GL_EXT_framebuffer_blit GL_EXT_framebuffer_multisample GL_EXT_packed_depth_stencil GL_ARB_vertex_array_object GL_ATI_separate_stencil GL_ATI_texture_mirror_once GL_EXT_draw_buffers2 GL_EXT_draw_instanced GL_EXT_gpu_program_parameters GL_EXT_texture_array GL_EXT_texture_compression_latc GL_EXT_texture_integer GL_EXT_texture_sRGB_decode GL_EXT_timer_query GL_OES_EGL_image GL_ARB_copy_buffer GL_ARB_depth_buffer_float GL_ARB_draw_instanced GL_ARB_half_float_vertex GL_ARB_instanced_arrays GL_ARB_map_buffer_range GL_ARB_texture_rg GL_ARB_texture_swizzle GL_ARB_vertex_array_bgra GL_EXT_texture_swizzle GL_EXT_vertex_array_bgra GL_NV_conditional_render GL_AMD_conservative_depth GL_AMD_draw_buffers_blend GL_AMD_seamless_cubemap_per_texture GL_AMD_shader_stencil_export GL_ARB_ES2_compatibility GL_ARB_blend_func_extended GL_ARB_debug_output GL_ARB_draw_buffers_blend GL_ARB_draw_elements_base_vertex GL_ARB_explicit_attrib_location GL_ARB_fragment_coord_conventions GL_ARB_provoking_vertex GL_ARB_sampler_objects GL_ARB_seamless_cube_map GL_ARB_shader_stencil_export GL_ARB_shader_texture_lod GL_ARB_texture_cube_map_array GL_ARB_texture_gather GL_ARB_texture_multisample GL_ARB_texture_rgb10_a2ui GL_ARB_uniform_buffer_object GL_ARB_vertex_type_2_10_10_10_rev GL_EXT_provoking_vertex GL_EXT_texture_snorm GL_MESA_texture_signed_rgba GL_ARB_get_program_binary GL_ARB_robustness GL_ARB_separate_shader_objects GL_ARB_shader_bit_encoding GL_ARB_timer_query GL_ARB_transform_feedback2 GL_ARB_transform_feedback3 GL_ANGLE_texture_compression_dxt3 GL_ANGLE_texture_compression_dxt5 GL_ARB_base_instance GL_ARB_compressed_texture_pixel_storage GL_ARB_conservative_depth GL_ARB_internalformat_query GL_ARB_map_buffer_alignment GL_ARB_shading_language_420pack GL_ARB_shading_language_packing GL_ARB_texture_storage GL_ARB_transform_feedback_instanced GL_EXT_framebuffer_multisample_blit_scaled GL_EXT_transform_feedback GL_AMD_shader_trinary_minmax GL_ARB_ES3_compatibility GL_ARB_arrays_of_arrays GL_ARB_clear_buffer_object GL_ARB_copy_image GL_ARB_explicit_uniform_location GL_ARB_invalidate_subdata GL_ARB_program_interface_query GL_ARB_stencil_texturing GL_ARB_texture_query_levels GL_ARB_texture_storage_multisample GL_ARB_texture_view GL_ARB_vertex_attrib_binding GL_KHR_debug GL_ARB_buffer_storage GL_ARB_clear_texture GL_ARB_internalformat_query2 GL_ARB_multi_bind GL_ARB_seamless_cubemap_per_texture GL_ARB_texture_mirror_clamp_to_edge GL_ARB_texture_stencil8 GL_ARB_vertex_type_10f_11f_11f_rev GL_EXT_shader_integer_mix GL_ARB_clip_control GL_ARB_conditional_render_inverted GL_ARB_cull_distance GL_ARB_get_texture_sub_image GL_EXT_polygon_offset_clamp GL_KHR_context_flush_control GL_KHR_no_error GL_MESA_shader_integer_functions 
16:49:23: Supported GLX extensions: GLX_ARB_create_context GLX_ARB_create_context_profile GLX_ARB_fbconfig_float GLX_ARB_framebuffer_sRGB GLX_ARB_get_proc_address GLX_ARB_multisample GLX_EXT_import_context GLX_EXT_visual_info GLX_EXT_visual_rating GLX_EXT_framebuffer_sRGB GLX_EXT_create_context_es2_profile GLX_MESA_copy_sub_buffer GLX_MESA_multithread_makecurrent GLX_MESA_query_renderer GLX_OML_swap_method GLX_SGI_make_current_read GLX_SGIS_multisample GLX_SGIX_fbconfig GLX_SGIX_pbuffer GLX_SGIX_visual_select_group GLX_EXT_texture_from_pixmap 
16:49:23: ***************************
16:49:23: *** GL Renderer Started ***
16:49:23: ***************************
16:49:23: Registering ResourceManager for type GpuProgram
16:49:23: GLSL support detected
16:49:23: GL: Using GL_EXT_framebuffer_object for rendering to textures (best)
16:49:23: FBO PF_UNKNOWN depth/stencil support: D0S1 D0S4 D0S8 D0S16 D16S0 D24S0 D32S0 Packed-D24S8 
16:49:23: FBO PF_L8 depth/stencil support: D0S0 D0S1 D0S4 D0S8 D0S16 D16S0 D24S0 D32S0 Packed-D24S8 
16:49:23: FBO PF_L16 depth/stencil support: D0S0 D0S1 D0S4 D0S8 D0S16 D16S0 D24S0 D32S0 Packed-D24S8 
16:49:23: FBO PF_A8 depth/stencil support: D0S0 D0S1 D0S4 D0S8 D0S16 D16S0 D24S0 D32S0 Packed-D24S8 
16:49:23: FBO PF_A4L4 depth/stencil support: D0S0 D0S1 D0S4 D0S8 D0S16 D16S0 D24S0 D32S0 Packed-D24S8 
16:49:23: FBO PF_BYTE_LA depth/stencil support: D0S0 D0S1 D0S4 D0S8 D0S16 D16S0 D24S0 D32S0 Packed-D24S8 
16:49:23: FBO PF_R5G6B5 depth/stencil support: D0S0 D0S1 D0S4 D0S8 D0S16 D16S0 D24S0 D32S0 Packed-D24S8 
16:49:23: FBO PF_B5G6R5 depth/stencil support: D0S0 D0S1 D0S4 D0S8 D0S16 D16S0 D24S0 D32S0 Packed-D24S8 
16:49:23: FBO PF_A4R4G4B4 depth/stencil support: D0S0 D0S1 D0S4 D0S8 D0S16 D16S0 D24S0 D32S0 Packed-D24S8 
16:49:23: FBO PF_A1R5G5B5 depth/stencil support: D0S0 D0S1 D0S4 D0S8 D0S16 D16S0 D24S0 D32S0 Packed-D24S8 
16:49:23: FBO PF_R8G8B8 depth/stencil support: D0S0 D0S1 D0S4 D0S8 D0S16 D16S0 D24S0 D32S0 Packed-D24S8 
16:49:23: FBO PF_B8G8R8 depth/stencil support: D0S0 D0S1 D0S4 D0S8 D0S16 D16S0 D24S0 D32S0 Packed-D24S8 
16:49:23: FBO PF_A8R8G8B8 depth/stencil support: D0S0 D0S1 D0S4 D0S8 D0S16 D16S0 D24S0 D32S0 Packed-D24S8 
16:49:23: FBO PF_B8G8R8A8 depth/stencil support: D0S0 D0S1 D0S4 D0S8 D0S16 D16S0 D24S0 D32S0 Packed-D24S8 
16:49:23: FBO PF_A2R10G10B10 depth/stencil support: D0S0 D0S1 D0S4 D0S8 D0S16 D16S0 D24S0 D32S0 Packed-D24S8 
16:49:23: FBO PF_A2B10G10R10 depth/stencil support: D0S0 D0S1 D0S4 D0S8 D0S16 D16S0 D24S0 D32S0 Packed-D24S8 
16:49:23: FBO PF_FLOAT16_RGB depth/stencil support: D0S0 D0S1 D0S4 D0S8 D0S16 D16S0 D24S0 D32S0 Packed-D24S8 
16:49:23: FBO PF_FLOAT16_RGBA depth/stencil support: D0S0 D0S1 D0S4 D0S8 D0S16 D16S0 D24S0 D32S0 Packed-D24S8 
16:49:23: FBO PF_FLOAT32_RGB depth/stencil support: D0S0 D0S1 D0S4 D0S8 D0S16 D16S0 D24S0 D32S0 Packed-D24S8 
16:49:23: FBO PF_FLOAT32_RGBA depth/stencil support: D0S0 D0S1 D0S4 D0S8 D0S16 D16S0 D24S0 D32S0 Packed-D24S8 
16:49:23: FBO PF_X8R8G8B8 depth/stencil support: D0S0 D0S1 D0S4 D0S8 D0S16 D16S0 D24S0 D32S0 Packed-D24S8 
16:49:23: FBO PF_X8B8G8R8 depth/stencil support: D0S0 D0S1 D0S4 D0S8 D0S16 D16S0 D24S0 D32S0 Packed-D24S8 
16:49:23: FBO PF_SHORT_RGBA depth/stencil support: D0S0 D0S1 D0S4 D0S8 D0S16 D16S0 D24S0 D32S0 Packed-D24S8 
16:49:23: FBO PF_R3G3B2 depth/stencil support: D0S0 D0S1 D0S4 D0S8 D0S16 D16S0 D24S0 D32S0 Packed-D24S8 
16:49:23: FBO PF_FLOAT16_R depth/stencil support: D0S0 D0S1 D0S4 D0S8 D0S16 D16S0 D24S0 D32S0 Packed-D24S8 
16:49:23: FBO PF_FLOAT32_R depth/stencil support: D0S0 D0S1 D0S4 D0S8 D0S16 D16S0 D24S0 D32S0 Packed-D24S8 
16:49:23: FBO PF_SHORT_GR depth/stencil support: D0S0 D0S1 D0S4 D0S8 D0S16 D16S0 D24S0 D32S0 Packed-D24S8 
16:49:23: FBO PF_FLOAT16_GR depth/stencil support: D0S0 D0S1 D0S4 D0S8 D0S16 D16S0 D24S0 D32S0 Packed-D24S8 
16:49:23: FBO PF_FLOAT32_GR depth/stencil support: D0S0 D0S1 D0S4 D0S8 D0S16 D16S0 D24S0 D32S0 Packed-D24S8 
16:49:23: FBO PF_SHORT_RGB depth/stencil support: D0S0 D0S1 D0S4 D0S8 D0S16 D16S0 D24S0 D32S0 Packed-D24S8 
16:49:23: [GL] : Valid FBO targets PF_UNKNOWN PF_L8 PF_L16 PF_A8 PF_A4L4 PF_BYTE_LA PF_R5G6B5 PF_B5G6R5 PF_A4R4G4B4 PF_A1R5G5B5 PF_R8G8B8 PF_B8G8R8 PF_A8R8G8B8 PF_B8G8R8A8 PF_A2R10G10B10 PF_A2B10G10R10 PF_FLOAT16_RGB PF_FLOAT16_RGBA PF_FLOAT32_RGB PF_FLOAT32_RGBA PF_X8R8G8B8 PF_X8B8G8R8 PF_SHORT_RGBA PF_R3G3B2 PF_FLOAT16_R PF_FLOAT32_R PF_SHORT_GR PF_FLOAT16_GR PF_FLOAT32_GR PF_SHORT_RGB 
16:49:23: RenderSystem capabilities
16:49:23: -------------------------
16:49:23: RenderSystem Name: OpenGL Rendering Subsystem
16:49:23: GPU Vendor: unknown
16:49:23: Device Name: llvmpipe (LLVM 5.0, 256 bits)
16:49:23: Driver Version: 3.0.0.0
16:49:23:  * Fixed function pipeline: yes
16:49:23:  * Hardware generation of mipmaps: yes
16:49:23:  * Texture blending: yes
16:49:23:  * Anisotropic texture filtering: no
16:49:23:  * Dot product texture operation: yes
16:49:23:  * Cube mapping: yes
16:49:23:  * Hardware stencil buffer: yes
16:49:23:    - Stencil depth: 8
16:49:23:    - Two sided stencil support: yes
16:49:23:    - Wrap stencil values: yes
16:49:23:  * Hardware vertex / index buffers: yes
16:49:23:  * Vertex programs: yes
16:49:23:  * Number of floating-point constants for vertex programs: 4096
16:49:23:  * Number of integer constants for vertex programs: 0
16:49:23:  * Number of boolean constants for vertex programs: 0
16:49:23:  * Fragment programs: yes
16:49:23:  * Number of floating-point constants for fragment programs: 4096
16:49:23:  * Number of integer constants for fragment programs: 0
16:49:23:  * Number of boolean constants for fragment programs: 0
16:49:23:  * Geometry programs: no
16:49:23:  * Number of floating-point constants for geometry programs: 0
16:49:23:  * Number of integer constants for geometry programs: 0
16:49:23:  * Number of boolean constants for geometry programs: 0
16:49:23:  * Tesselation Hull programs: no
16:49:23:  * Number of floating-point constants for tesselation hull programs: 0
16:49:23:  * Number of integer constants for tesselation hull programs: 0
16:49:23:  * Number of boolean constants for tesselation hull programs: 0
16:49:23:  * Tesselation Domain programs: no
16:49:23:  * Number of floating-point constants for tesselation domain programs: 0
16:49:23:  * Number of integer constants for tesselation domain programs: 0
16:49:23:  * Number of boolean constants for tesselation domain programs: 0
16:49:23:  * Compute programs: no
16:49:23:  * Number of floating-point constants for compute programs: 0
16:49:23:  * Number of integer constants for compute programs: 0
16:49:23:  * Number of boolean constants for compute programs: 0
16:49:23:  * Supported Shader Profiles: arbfp1 arbvp1 glsl ps_1_1 ps_1_2 ps_1_3 ps_1_4
16:49:23:  * Texture Compression: yes
16:49:23:    - DXT: yes
16:49:23:    - VTC: no
16:49:23:    - PVRTC: no
16:49:23:    - ATC: no
16:49:23:    - ETC1: no
16:49:23:    - ETC2: no
16:49:23:    - BC4/BC5: no
16:49:23:    - BC6H/BC7: no
16:49:23:  * Scissor Rectangle: yes
16:49:23:  * Hardware Occlusion Query: yes
16:49:23:  * User clip planes: yes
16:49:23:  * VET_UBYTE4 vertex element type: yes
16:49:23:  * Infinite far plane projection: yes
16:49:23:  * Hardware render-to-texture: yes
16:49:23:  * Floating point textures: yes
16:49:23:  * Non-power-of-two textures: yes
16:49:23:  * 1d textures: yes
16:49:23:  * Volume textures: yes
16:49:23:  * Multiple Render Targets: 8
16:49:23:    - With different bit depths: yes
16:49:23:  * Point Sprites: yes
16:49:23:  * Extended point parameters: yes
16:49:23:  * Max Point Size: 255
16:49:23:  * Vertex texture fetch: yes
16:49:23:  * Number of world matrices: 0
16:49:23:  * Number of texture units: 16
16:49:23:  * Stencil buffer depth: 8
16:49:23:  * Number of vertex blend matrices: 0
16:49:23:    - Max vertex textures: 32
16:49:23:    - Vertex textures shared: yes
16:49:23:  * Render to Vertex Buffer : no
16:49:23:  * Hardware Atomic Counters: no
16:49:23:  * GL 1.5 without VBO workaround: no
16:49:23:  * Frame Buffer objects: yes
16:49:23:  * Frame Buffer objects (ARB extension): no
16:49:23:  * Frame Buffer objects (ATI extension): no
16:49:23:  * PBuffer support: yes
16:49:23:  * GL 1.5 without HW-occlusion workaround: no
16:49:23:  * Vertex Array Objects: no
16:49:23:  * Separate shader objects: no
16:49:23: DefaultWorkQueue('Root') initialising on thread 7fc98c311280.
16:49:23: DefaultWorkQueue('Root')::WorkerFunc - thread 7fc950377700 starting.
16:49:23: DefaultWorkQueue('Root')::WorkerFunc - thread 7fc94fb76700 starting.
16:49:23: DefaultWorkQueue('Root')::WorkerFunc - thread 7fc94eb74700 starting.
16:49:23: DefaultWorkQueue('Root')::WorkerFunc - thread 7fc94e373700 starting.
16:49:23: DefaultWorkQueue('Root')::WorkerFunc - thread 7fc94f375700 starting.
16:49:23: DefaultWorkQueue('Root')::WorkerFunc - thread 7fc94db72700 starting.
16:49:23: DefaultWorkQueue('Root')::WorkerFunc - thread 7fc94cb70700 starting.
16:49:23: DefaultWorkQueue('Root')::WorkerFunc - thread 7fc94d371700 starting.
16:49:23: Particle Renderer Type 'billboard' registered
16:49:23: SceneManagerFactory for type 'BspSceneManager' registered.
16:49:23: Registering ResourceManager for type BspLevel
16:49:23: SceneManagerFactory for type 'OctreeSceneManager' registered.
16:49:23: Parsing scripts for resource group Animations
16:49:23: Finished parsing scripts for resource group Animations
16:49:23: Creating resources for group Animations
16:49:23: All done
16:49:23: Parsing scripts for resource group Autodetect
16:49:23: Finished parsing scripts for resource group Autodetect
16:49:23: Creating resources for group Autodetect
16:49:23: All done
16:49:23: Parsing scripts for resource group Fonts
16:49:23: Parsing script Gazebo.fontdef
16:49:23: Finished parsing scripts for resource group Fonts
16:49:23: Creating resources for group Fonts
16:49:23: All done
16:49:23: Parsing scripts for resource group General
16:49:23: Parsing script deferred_post.program
16:49:23: Parsing script VPL.program
16:49:23: Parsing script ShadowCaster.program
16:49:23: Parsing script shadow_caster.program
16:49:23: Parsing script perpixel.program
16:49:23: Parsing script oculus.material
16:49:23: Parsing script kitchen.material
16:49:23: Parsing script ssao.material
16:49:23: Parsing script picker.material
16:49:23: Parsing script blur.material
16:49:23: Parsing script gazebo.material
16:49:23: Parsing script deferred_post_minilight.material
16:49:23: Parsing script grid.material
16:49:23: Parsing script ShadowCaster.material
16:49:23: Parsing script deferred_post.material
16:49:23: Parsing script VPL.material
16:49:23: Parsing script ssao.compositor
16:49:23: Parsing script blur.compositor
16:49:23: Parsing script noise.compositor
16:49:23: Parsing script WideCameraLensMap.compositor
16:49:23: Parsing script distortion.compositor
16:49:23: Parsing script deferred.compositor
16:49:23: Finished parsing scripts for resource group General
16:49:23: Creating resources for group General
16:49:23: All done
16:49:23: Parsing scripts for resource group Imagesets
16:49:23: Finished parsing scripts for resource group Imagesets
16:49:23: Creating resources for group Imagesets
16:49:23: All done
16:49:23: Parsing scripts for resource group Internal
16:49:23: Finished parsing scripts for resource group Internal
16:49:23: Creating resources for group Internal
16:49:23: All done
16:49:23: Parsing scripts for resource group Layouts
16:49:23: Finished parsing scripts for resource group Layouts
16:49:23: Creating resources for group Layouts
16:49:23: All done
16:49:23: Parsing scripts for resource group LookNFeel
16:49:23: Finished parsing scripts for resource group LookNFeel
16:49:23: Creating resources for group LookNFeel
16:49:23: All done
16:49:23: Parsing scripts for resource group Schemes
16:49:23: Finished parsing scripts for resource group Schemes
16:49:23: Creating resources for group Schemes
16:49:23: All done
16:49:23: Parsing scripts for resource group SkyX
16:49:23: Parsing script SkyX.material
16:49:23: Finished parsing scripts for resource group SkyX
16:49:23: Creating resources for group SkyX
16:49:23: All done
16:49:23: Added resource location '/usr/share/gazebo-7/media/rtshaderlib/' of type 'FileSystem' to resource group 'General'
16:49:23: Creating resource group ShaderGeneratorResourceGroup
16:49:23: Added resource location '/tmp/gazebo-nobody-rtshaderlibcache/' of type 'FileSystem' to resource group 'ShaderGeneratorResourceGroup'
16:50:14: Can't assign material _NULL_ to SubEntity of SkyXMeshEnt because this Material does not exist. Have you forgotten to define it in a .material script?
16:50:14: Texture: SkyX_Starfield.png: Loading 1 faces(PF_A8R8G8B8,512x512x1) with 5 hardware generated mipmaps from Image. Internal format is PF_A8R8G8B8,512x512x1.
16:50:14: Texture: SkyX_Moon.png: Loading 1 faces(PF_A8R8G8B8,512x512x1) with 5 hardware generated mipmaps from Image. Internal format is PF_A8R8G8B8,512x512x1.
16:50:14: Texture: SkyX_MoonHalo.png: Loading 1 faces(PF_SHORT_RGBA,512x256x1) with 5 hardware generated mipmaps from Image. Internal format is PF_SHORT_RGBA,512x256x1.
16:50:14: Texture: Noise.jpg: Loading 1 faces(PF_R8G8B8,1024x1024x1) with 5 hardware generated mipmaps from Image. Internal format is PF_X8R8G8B8,1024x1024x1.
16:50:14: Added resource location '/opt/ros/kinetic/share/kobuki_description/meshes' of type 'FileSystem' to resource group 'General' with recursive option
16:50:14: Initialising resource group General
16:50:14: Added resource location '/opt/ros/kinetic/share/kobuki_description/meshes/./images' of type 'FileSystem' to resource group 'General' with recursive option
16:50:14: Initialising resource group General
16:50:14: Texture: /opt/ros/kinetic/share/kobuki_description/meshes/./images/wheel.jpg: Loading 1 faces(PF_R8G8B8,600x600x1) with 5 hardware generated mipmaps from Image. Internal format is PF_X8R8G8B8,600x600x1.
16:50:14: Texture: /opt/ros/kinetic/share/kobuki_description/meshes/./images/main_body.jpg: Loading 1 faces(PF_R8G8B8,1024x1024x1) with 5 hardware generated mipmaps from Image. Internal format is PF_X8R8G8B8,1024x1024x1.
16:50:14: Added resource location '/opt/ros/kinetic/share/turtlebot_description/meshes/sensors' of type 'FileSystem' to resource group 'General' with recursive option
16:50:14: Initialising resource group General
16:50:14: Texture: /opt/ros/kinetic/share/turtlebot_description/meshes/sensors/xtion_pro_camera.jpg: Loading 1 faces(PF_R8G8B8,700x716:50:15: Added resource location '/home/rflab/.gazebo/models/jersey_barrier/meshes' of type 'FileSystem' to resource group 'General' with recursive option
16:50:15: Initialising resource group General
16:50:15: Added resource location '/home/rflab/.gazebo/models/jersey_barrier/meshes/../materials/textures' of type 'FileSystem' to resource group 'General' with recursive option
16:50:15: Initialising resource group General
16:50:15: Texture: /home/rflab/.gazebo/models/jersey_barrier/meshes/../materials/textures/jersey_barrier_diffuse.png: Loading 1 faces(PF_R8G8B8,256x256x1) with 5 hardware generated mipmaps from Image. Internal format is PF_X8R8G8B8,256x256x1.
16:50:15: [SkyX] VClouds warning: unregistered camera registered, manual unregistering is needed before camera destruction
16:50:15: Texture: spot_shadow_fade.png: Loading 1 faces(PF_R8G8B8,128x128x1) with 5 hardware generated mipmaps from Image. Internal format is PF_X8R8G8B8,128x128x1.
16:50:15: Added resource location '/opt/ros/kinetic/share/kobuki_description/meshes' of type 'FileSystem' to resource group 'General' with recursive option
16:50:15: Initialising resource group General
16:50:15: Added resource location '/opt/ros/kinetic/share/kobuki_description/meshes/./images' of type 'FileSystem' to resource group 'General' with recursive option
16:50:15: Initialising resource group General
16:50:15: Texture: /opt/ros/kinetic/share/kobuki_description/meshes/./images/wheel.jpg: Loading 1 faces(PF_R8G8B8,600x600x1) with 5 hardware generated mipmaps from Image. Internal format is PF_X8R8G8B8,600x600x1.
16:50:15: Texture: /opt/ros/kinetic/share/kobuki_description/meshes/./images/main_body.jpg: Loading 1 faces(PF_R8G8B8,1024x1024x1) with 5 hardware generated mipmaps from Image. Internal format is PF_X8R8G8B8,1024x1024x1.
16:50:15: Added resource location '/opt/ros/kinetic/share/turtlebot_description/meshes/sensors' of type 'FileSystem' to resource group 'General' with recursive option
16:50:15: Initialising resource group General
16:50:15: Texture: /opt/ros/kinetic/share/turtlebot_description/meshes/sensors/xtion_pro_camera.jpg: Loading 1 faces(PF_R8G8B8,700x700x1) with 5 hardware generated mipmaps from Image. Internal format is PF_X8R8G8B8,700x700x1.
16:50:16: Added resource location '/opt/ros/kinetic/share/turtlebot_description/meshes/stacks/hexagons' of type 'FileSystem' to resource group 'General' with recursive option
16:50:16: Initialising resource group General
16:50:16: Added resource location '/opt/ros/kinetic/share/turtlebot_description/meshes/stacks/hexagons/./images' of type 'FileSystem' to resource group 'General' with recursive option
16:50:16: Initialising resource group General
16:50:16: Texture: /opt/ros/kinetic/share/turtlebot_description/meshes/stacks/hexagons/./images/3f_stack.jpg: Loading 1 faces(PF_R8G8B8,1024x1024x1) with 5 hardware generated mipmaps from Image. Internal format is PF_X8R8G8B8,1024x1024x1.
16:50:16: Texture: /opt/ros/kinetic/share/turtlebot_description/meshes/stacks/hexagons/./images/3f_pole.jpg: Loading 1 faces(PF_R8G8B8,600x600x1) with 5 hardware generated mipmaps from Image. Internal format is PF_X8R8G8B8,600x600x1.
16:50:16: Texture: /opt/ros/kinetic/share/turtlebot_description/meshes/stacks/hexagons/./images/1f_stack.jpg: Loading 1 faces(PF_R8G8B8,600x600x1) with 5 hardware generated mipmaps from Image. Internal format is PF_X8R8G8B8,600x600x1.
16:50:16: Texture: /opt/ros/kinetic/share/turtlebot_description/meshes/stacks/hexagons/./images/2f_stack.jpg: Loading 1 faces(PF_R8G8B8,600x600x1) with 5 hardware generated mipmaps from Image. Internal format is PF_X8R8G8B8,600x600x1.
16:50:16: Texture: /opt/ros/kinetic/share/turtlebot_description/meshes/stacks/hexagons/./images/1f_pole.jpg: Loading 1 faces(PF_R8G8B8,600x600x1) with 5 hardware generated mipmaps from Image. Internal format is PF_X8R8G8B8,600x600x1.
16:50:16: Texture: /opt/ros/kinetic/share/turtlebot_description/meshes/sensors/xtion_pro.jpg: Loading 1 faces(PF_R8G8B8,600x600x1) with 5 hardware generated mipmaps from Image. Internal format is PF_X8R8G8B8,600x600x1.
16:50:16: Texture: /opt/ros/kinetic/share/turtlebot_description/meshes/stacks/hexagons/./images/2f_pole.jpg: Loading 1 faces(PF_R8G8B8,600x600x1) with 5 hardware generated mipmaps from Image. Internal format is PF_X8R8G8B8,600x600x1.
